[debug] [2026-02-11T08:49:27.991Z] > command requires scopes: ["email","openid","https://www.googleapis.com/auth/cloudplatformprojects.readonly","https://www.googleapis.com/auth/firebase","https://www.googleapis.com/auth/cloud-platform"]
[debug] [2026-02-11T08:49:27.992Z] > authorizing via signed-in user (elatifinajib@gmail.com)
[debug] [2026-02-11T08:49:27.992Z] > command requires scopes: ["email","openid","https://www.googleapis.com/auth/cloudplatformprojects.readonly","https://www.googleapis.com/auth/firebase","https://www.googleapis.com/auth/cloud-platform"]
[debug] [2026-02-11T08:49:27.992Z] > authorizing via signed-in user (elatifinajib@gmail.com)
[debug] [2026-02-11T08:49:27.998Z] > command requires scopes: ["email","openid","https://www.googleapis.com/auth/cloudplatformprojects.readonly","https://www.googleapis.com/auth/firebase","https://www.googleapis.com/auth/cloud-platform"]
[debug] [2026-02-11T08:49:27.999Z] > authorizing via signed-in user (elatifinajib@gmail.com)
[debug] [2026-02-11T08:49:28.029Z] Checked if tokens are valid: false, expires at: 1770684485345
[debug] [2026-02-11T08:49:28.029Z] Checked if tokens are valid: false, expires at: 1770684485345
[debug] [2026-02-11T08:49:28.030Z] > refreshing access token with scopes: []
[debug] [2026-02-11T08:49:28.030Z] >>> [apiv2][query] POST https://www.googleapis.com/oauth2/v3/token [none]
[debug] [2026-02-11T08:49:28.030Z] >>> [apiv2][body] POST https://www.googleapis.com/oauth2/v3/token [omitted]
[debug] [2026-02-11T08:49:28.033Z] Checked if tokens are valid: false, expires at: 1770684485345
[debug] [2026-02-11T08:49:28.033Z] Checked if tokens are valid: false, expires at: 1770684485345
[debug] [2026-02-11T08:49:28.033Z] > refreshing access token with scopes: []
[debug] [2026-02-11T08:49:28.033Z] >>> [apiv2][query] POST https://www.googleapis.com/oauth2/v3/token [none]
[debug] [2026-02-11T08:49:28.034Z] >>> [apiv2][body] POST https://www.googleapis.com/oauth2/v3/token [omitted]
[debug] [2026-02-11T08:49:28.036Z] Checked if tokens are valid: false, expires at: 1770684485345
[debug] [2026-02-11T08:49:28.036Z] Checked if tokens are valid: false, expires at: 1770684485345
[debug] [2026-02-11T08:49:28.036Z] > refreshing access token with scopes: []
[debug] [2026-02-11T08:49:28.036Z] >>> [apiv2][query] POST https://www.googleapis.com/oauth2/v3/token [none]
[debug] [2026-02-11T08:49:28.036Z] >>> [apiv2][body] POST https://www.googleapis.com/oauth2/v3/token [omitted]
[debug] [2026-02-11T08:49:28.219Z] <<< [apiv2][status] POST https://www.googleapis.com/oauth2/v3/token 200
[debug] [2026-02-11T08:49:28.219Z] <<< [apiv2][body] POST https://www.googleapis.com/oauth2/v3/token [omitted]
[debug] [2026-02-11T08:49:28.242Z] >>> [apiv2][query] GET https://serviceusage.googleapis.com/v1/projects//services/firebaseappdistribution.googleapis.com [none]
[debug] [2026-02-11T08:49:28.242Z] >>> [apiv2][(partial)header] GET https://serviceusage.googleapis.com/v1/projects//services/firebaseappdistribution.googleapis.com  x-goog-user-project=
[debug] [2026-02-11T08:49:28.244Z] <<< [apiv2][status] POST https://www.googleapis.com/oauth2/v3/token 200
[debug] [2026-02-11T08:49:28.244Z] <<< [apiv2][body] POST https://www.googleapis.com/oauth2/v3/token [omitted]
[debug] [2026-02-11T08:49:28.263Z] >>> [apiv2][query] GET https://serviceusage.googleapis.com/v1/projects//services/firebaseappdistribution.googleapis.com [none]
[debug] [2026-02-11T08:49:28.263Z] >>> [apiv2][(partial)header] GET https://serviceusage.googleapis.com/v1/projects//services/firebaseappdistribution.googleapis.com  x-goog-user-project=
[debug] [2026-02-11T08:49:28.264Z] <<< [apiv2][status] POST https://www.googleapis.com/oauth2/v3/token 200
[debug] [2026-02-11T08:49:28.264Z] <<< [apiv2][body] POST https://www.googleapis.com/oauth2/v3/token [omitted]
[debug] [2026-02-11T08:49:28.274Z] >>> [apiv2][query] GET https://serviceusage.googleapis.com/v1/projects//services/firebaseappdistribution.googleapis.com [none]
[debug] [2026-02-11T08:49:28.274Z] >>> [apiv2][(partial)header] GET https://serviceusage.googleapis.com/v1/projects//services/firebaseappdistribution.googleapis.com  x-goog-user-project=
[debug] [2026-02-11T08:49:28.999Z] <<< [apiv2][status] GET https://serviceusage.googleapis.com/v1/projects//services/firebaseappdistribution.googleapis.com 400
[debug] [2026-02-11T08:49:28.999Z] <<< [apiv2][body] GET https://serviceusage.googleapis.com/v1/projects//services/firebaseappdistribution.googleapis.com [omitted]
[debug] [2026-02-11T08:49:29.008Z] <<< [apiv2][status] GET https://serviceusage.googleapis.com/v1/projects//services/firebaseappdistribution.googleapis.com 400
[debug] [2026-02-11T08:49:29.008Z] <<< [apiv2][body] GET https://serviceusage.googleapis.com/v1/projects//services/firebaseappdistribution.googleapis.com [omitted]
[debug] [2026-02-11T08:49:29.009Z] <<< [apiv2][status] GET https://serviceusage.googleapis.com/v1/projects//services/firebaseappdistribution.googleapis.com 400
[debug] [2026-02-11T08:49:29.009Z] <<< [apiv2][body] GET https://serviceusage.googleapis.com/v1/projects//services/firebaseappdistribution.googleapis.com [omitted]
[debug] [2026-02-11T08:49:29.064Z] > command requires scopes: ["email","openid","https://www.googleapis.com/auth/cloudplatformprojects.readonly","https://www.googleapis.com/auth/firebase","https://www.googleapis.com/auth/cloud-platform"]
[debug] [2026-02-11T08:49:29.064Z] > authorizing via signed-in user (elatifinajib@gmail.com)
[debug] [2026-02-11T08:49:29.064Z] > command requires scopes: ["email","openid","https://www.googleapis.com/auth/cloudplatformprojects.readonly","https://www.googleapis.com/auth/firebase","https://www.googleapis.com/auth/cloud-platform"]
[debug] [2026-02-11T08:49:29.064Z] > authorizing via signed-in user (elatifinajib@gmail.com)
[debug] [2026-02-11T08:49:29.077Z] > command requires scopes: ["email","openid","https://www.googleapis.com/auth/cloudplatformprojects.readonly","https://www.googleapis.com/auth/firebase","https://www.googleapis.com/auth/cloud-platform"]
[debug] [2026-02-11T08:49:29.077Z] > authorizing via signed-in user (elatifinajib@gmail.com)
[debug] [2026-02-11T08:49:29.077Z] > command requires scopes: ["email","openid","https://www.googleapis.com/auth/cloudplatformprojects.readonly","https://www.googleapis.com/auth/firebase","https://www.googleapis.com/auth/cloud-platform"]
[debug] [2026-02-11T08:49:29.077Z] > authorizing via signed-in user (elatifinajib@gmail.com)
